06/21/25 16:56:52: Running xcd server. This server was built by gradle.
06/21/25 16:56:52: Server was asked to start on port: '59850'
06/21/25 16:56:52: Server is using token UUID: '31f70349-7e9b-48f8-9e16-bfe0f9306be4'
06/21/25 16:56:52: SESSION_MGR: creating session with session uuid: '6d04a3e9-ade5-4ab9-8d63-1f78fcd2ec76' and name 'default'
06/21/25 16:56:52: Attempting to start server on port '59850'
06/21/25 16:56:52: Running Dispatch Server
06/21/25 16:56:52: Version 2.2.0
06/21/25 16:57:01: Dispatch Server: Accepted socket connection from client
06/21/25 16:57:01: Starting Socket connection
06/21/25 16:57:01: EXCHANGE_TOKEN received, server token: 31f70349-7e9b-48f8-9e16-bfe0f9306be4, passed token: 31f70349-7e9b-48f8-9e16-bfe0f9306be4
06/21/25 16:57:01: SESSION_MGR: creating session with session uuid: '67a9da19-6b59-4568-b1c5-6dae63afe5bf' and name 'vitis_hls'
06/21/25 16:57:01: KERNEL_SVC: creating session with uuid: '67a9da19-6b59-4568-b1c5-6dae63afe5bf' and name 'vitis_hls'
06/21/25 16:57:01: GUIDANCE_SMGR: creating guidance session with uuid: '67a9da19-6b59-4568-b1c5-6dae63afe5bf' and name 'vitis_hls'
06/21/25 16:57:11: STOP_SERVER received, server token: 31f70349-7e9b-48f8-9e16-bfe0f9306be4, passed token: 31f70349-7e9b-48f8-9e16-bfe0f9306be4
06/21/25 16:57:11: Socket received request to stop server.
06/21/25 16:57:11: Dispatch Server: do_await_stop
06/21/25 16:57:11: SERVER: destructor for server bound to port 59850
06/21/25 16:57:11: Server exiting with status 0.
06/21/25 16:57:11: Closing log file.
06/21/25 17:05:14: Running xcd server. This server was built by gradle.
06/21/25 17:05:14: Server was asked to start on port: '62303'
06/21/25 17:05:14: Server is using token UUID: '6cab74eb-f536-45cf-ac0a-2916cbce89d9'
06/21/25 17:05:14: SESSION_MGR: creating session with session uuid: '6d04a3e9-ade5-4ab9-8d63-1f78fcd2ec76' and name 'default'
06/21/25 17:05:14: Attempting to start server on port '62303'
06/21/25 17:05:14: Running Dispatch Server
06/21/25 17:05:14: Version 2.2.0
06/21/25 17:05:23: Dispatch Server: Accepted socket connection from client
06/21/25 17:05:23: Starting Socket connection
06/21/25 17:05:23: EXCHANGE_TOKEN received, server token: 6cab74eb-f536-45cf-ac0a-2916cbce89d9, passed token: 6cab74eb-f536-45cf-ac0a-2916cbce89d9
06/21/25 17:05:23: SESSION_MGR: creating session with session uuid: '6c1e9ff5-2f0f-47de-9525-236b22d05a62' and name 'vitis_hls'
06/21/25 17:05:23: KERNEL_SVC: creating session with uuid: '6c1e9ff5-2f0f-47de-9525-236b22d05a62' and name 'vitis_hls'
06/21/25 17:05:23: GUIDANCE_SMGR: creating guidance session with uuid: '6c1e9ff5-2f0f-47de-9525-236b22d05a62' and name 'vitis_hls'
06/21/25 17:06:28: Dispatch Server: Accepted socket connection from client
06/21/25 17:06:28: Starting Socket connection
06/21/25 17:07:34: Dispatch Server: Accepted socket connection from client
06/21/25 17:07:34: Starting Socket connection
06/21/25 17:08:50: STOP_SERVER received, server token: 6cab74eb-f536-45cf-ac0a-2916cbce89d9, passed token: 6cab74eb-f536-45cf-ac0a-2916cbce89d9
06/21/25 17:08:50: Socket received request to stop server.
06/21/25 17:08:50: Dispatch Server: do_await_stop
06/21/25 17:08:50: SERVER: destructor for server bound to port 62303
06/21/25 17:08:50: Server exiting with status 0.
06/21/25 17:08:50: Closing log file.
