F:\Fl-pailler_fpga\Fl-pailler_fpga\solution1\.autopilot\db\paillier_hls.pp.0.cpp:1324:7: warning: Added loop label VITIS_LOOP_1211_1:   [xilinx-label-all-loops]
      for (i = 0; i < __N - 1; ++i) {
      ^~~
      VITIS_LOOP_1211_1: 
F:\Fl-pailler_fpga\Fl-pailler_fpga\solution1\.autopilot\db\paillier_hls.pp.0.cpp:1324:7: note: FIX-IT applied suggested code changes
F:\Fl-pailler_fpga\Fl-pailler_fpga\solution1\.autopilot\db\paillier_hls.pp.0.cpp:2298:5: warning: Added loop label VITIS_LOOP_676_1:   [xilinx-label-all-loops]
    for (unsigned i = low; i != high; ++i) {
    ^~~
    VITIS_LOOP_676_1: 
F:\Fl-pailler_fpga\Fl-pailler_fpga\solution1\.autopilot\db\paillier_hls.pp.0.cpp:2298:5: note: FIX-IT applied suggested code changes
F:\Fl-pailler_fpga\Fl-pailler_fpga\solution1\.autopilot\db\paillier_hls.pp.0.cpp:2312:5: warning: Added loop label VITIS_LOOP_690_1:   [xilinx-label-all-loops]
    for (unsigned i = low; i != high; ++i) {
    ^~~
    VITIS_LOOP_690_1: 
F:\Fl-pailler_fpga\Fl-pailler_fpga\solution1\.autopilot\db\paillier_hls.pp.0.cpp:2312:5: note: FIX-IT applied suggested code changes
F:\Fl-pailler_fpga\Fl-pailler_fpga\solution1\.autopilot\db\paillier_hls.pp.0.cpp:2326:5: warning: Added loop label VITIS_LOOP_704_1:   [xilinx-label-all-loops]
    for (unsigned i = low; i != high; ++i) {
    ^~~
    VITIS_LOOP_704_1: 
F:\Fl-pailler_fpga\Fl-pailler_fpga\solution1\.autopilot\db\paillier_hls.pp.0.cpp:2326:5: note: FIX-IT applied suggested code changes
F:\Fl-pailler_fpga\Fl-pailler_fpga\solution1\.autopilot\db\paillier_hls.pp.0.cpp:3937:7: warning: Added loop label VITIS_LOOP_1245_1:   [xilinx-label-all-loops]
      for (i = 0; i < __N - 1; ++i) {
      ^~~
      VITIS_LOOP_1245_1: 
F:\Fl-pailler_fpga\Fl-pailler_fpga\solution1\.autopilot\db\paillier_hls.pp.0.cpp:3937:7: note: FIX-IT applied suggested code changes
F:\Fl-pailler_fpga\Fl-pailler_fpga\solution1\.autopilot\db\paillier_hls.pp.0.cpp:6463:5: warning: Added loop label VITIS_LOOP_18_1:   [xilinx-label-all-loops]
    for (int i = 0; i < 64; i++) {
    ^~~
    VITIS_LOOP_18_1: 
F:\Fl-pailler_fpga\Fl-pailler_fpga\solution1\.autopilot\db\paillier_hls.pp.0.cpp:6463:5: note: FIX-IT applied suggested code changes
F:\Fl-pailler_fpga\Fl-pailler_fpga\solution1\.autopilot\db\paillier_hls.pp.0.cpp:6479:5: warning: Added loop label VITIS_LOOP_34_1:   [xilinx-label-all-loops]
    for (int i = 0; i < 64; i++) {
    ^~~
    VITIS_LOOP_34_1: 
F:\Fl-pailler_fpga\Fl-pailler_fpga\solution1\.autopilot\db\paillier_hls.pp.0.cpp:6479:5: note: FIX-IT applied suggested code changes
F:\Fl-pailler_fpga\Fl-pailler_fpga\solution1\.autopilot\db\paillier_hls.pp.0.cpp:6492:5: warning: Added loop label VITIS_LOOP_47_1:   [xilinx-label-all-loops]
    while (b != 0) {
    ^~~~~
    VITIS_LOOP_47_1: 
F:\Fl-pailler_fpga\Fl-pailler_fpga\solution1\.autopilot\db\paillier_hls.pp.0.cpp:6492:5: note: FIX-IT applied suggested code changes
F:\Fl-pailler_fpga\Fl-pailler_fpga\solution1\.autopilot\db\paillier_hls.pp.0.cpp:6510:5: warning: Added loop label VITIS_LOOP_65_1:   [xilinx-label-all-loops]
    while (a > 1) {
    ^~~~~
    VITIS_LOOP_65_1: 
F:\Fl-pailler_fpga\Fl-pailler_fpga\solution1\.autopilot\db\paillier_hls.pp.0.cpp:6510:5: note: FIX-IT applied suggested code changes
F:\Fl-pailler_fpga\Fl-pailler_fpga\solution1\.autopilot\db\paillier_hls.pp.0.cpp:6597:5: warning: Added loop label VITIS_LOOP_152_1:   [xilinx-label-all-loops]
    for (int i = 0; i < num_clients; i++) {
    ^~~
    VITIS_LOOP_152_1: 
F:\Fl-pailler_fpga\Fl-pailler_fpga\solution1\.autopilot\db\paillier_hls.pp.0.cpp:6597:5: note: FIX-IT applied suggested code changes
F:\Fl-pailler_fpga\Fl-pailler_fpga\solution1\.autopilot\db\paillier_hls.pp.0.cpp:6631:2: warning: Added loop label VITIS_LOOP_178_1:   [xilinx-label-all-loops]
 for (int i = 0; i < num_samples; ++i) {
 ^~~
 VITIS_LOOP_178_1: 
F:\Fl-pailler_fpga\Fl-pailler_fpga\solution1\.autopilot\db\paillier_hls.pp.0.cpp:6631:2: note: FIX-IT applied suggested code changes
